<?xml version="1.0" encoding="UTF-8"?>
<testng-results ignored="0" total="1" passed="1" failed="0" skipped="0">
  <reporter-output>
  </reporter-output>
  <suite started-at="2023-09-02T12:16:36 IST" name="Default suite" finished-at="2023-09-02T12:16:38 IST" duration-ms="2408">
    <groups>
    </groups>
    <test started-at="2023-09-02T12:16:36 IST" name="Default test" finished-at="2023-09-02T12:16:38 IST" duration-ms="2408">
      <class name="shubhamqa.log4jxml.testcases.AppTest">
        <test-method is-config="true" signature="loadLogFile()[pri:0, instance:shubhamqa.log4jxml.testcases.AppTest@3c7f66c4]" started-at="2023-09-02T12:16:35 IST" name="loadLogFile" finished-at="2023-09-02T12:16:36 IST" duration-ms="217" status="PASS">
          <reporter-output>
          </reporter-output>
        </test-method> <!-- loadLogFile -->
        <test-method is-config="true" signature="launch()[pri:0, instance:shubhamqa.log4jxml.testcases.AppTest@3c7f66c4]" started-at="2023-09-02T12:16:36 IST" name="launch" finished-at="2023-09-02T12:16:38 IST" duration-ms="2269" status="PASS">
          <reporter-output>
          </reporter-output>
        </test-method> <!-- launch -->
        <test-method signature="print_logs()[pri:0, instance:shubhamqa.log4jxml.testcases.AppTest@3c7f66c4]" started-at="2023-09-02T12:16:38 IST" name="print_logs" finished-at="2023-09-02T12:16:38 IST" duration-ms="22" status="PASS">
          <reporter-output>
          </reporter-output>
        </test-method> <!-- print_logs -->
        <test-method is-config="true" signature="teardown()[pri:0, instance:shubhamqa.log4jxml.testcases.AppTest@3c7f66c4]" started-at="2023-09-02T12:16:38 IST" name="teardown" finished-at="2023-09-02T12:16:38 IST" duration-ms="104" status="PASS">
          <reporter-output>
          </reporter-output>
        </test-method> <!-- teardown -->
      </class> <!-- shubhamqa.log4jxml.testcases.AppTest -->
    </test> <!-- Default test -->
  </suite> <!-- Default suite -->
</testng-results>
